<?xml version="1.0" encoding="UTF-8"?>
<!-- Generated by org.testng.reporters.JUnitXMLReporter -->
<testsuite hostname="Bikash" ignored="0" name="Default test" tests="3" failures="0" timestamp="13 Jul 2020 13:09:22 GMT" time="35.596" errors="0">
  <testcase name="amazonSearchTest" time="11.151" classname="com.java.testcase.PriceComparisonTest"/>
  <testcase name="flipkartSearchTest" time="9.309" classname="com.java.testcase.PriceComparisonTest"/>
  <testcase name="priceComparisionTest" time="0.004" classname="com.java.testcase.PriceComparisonTest"/>
</testsuite> <!-- Default test -->
