<?xml version="1.0" encoding="UTF-8"?>
<!-- Generated by org.testng.reporters.JUnitXMLReporter -->
<testsuite hostname="Little-Computer" ignored="0" name="Test" tests="4" failures="0" timestamp="29 Dec 2019 17:51:46 GMT" time="132.676" errors="0">
  <testcase name="tripSearchTest" time="75.76" classname="com.java.testcase.TripAdvisorTest"/>
  <testcase name="amazonSearchTest" time="15.726" classname="com.java.testcase.PriceComparisonTest"/>
  <testcase name="flipkartSearchTest" time="7.998" classname="com.java.testcase.PriceComparisonTest"/>
  <testcase name="priceComparisionTest" time="0.003" classname="com.java.testcase.PriceComparisonTest"/>
</testsuite> <!-- Test -->
